{"timestamp":"2025-11-19T12:30:04.953Z","status":"SUCCESS","recipient":"apavitra641@gmail.com","contactId":1012,"batchId":"mkt-1763555400913-82825679-b1","jobIds":["19","16","17","1","2"],"source":"marketing-digest","attempt":0,"dryRun":false}
{"timestamp":"2025-11-19T12:30:04.986Z","status":"SUCCESS","recipient":"baluguriharshitha@gmail.com","contactId":1013,"batchId":"mkt-1763555400913-82825679-b1","jobIds":["19","16","17","1","2"],"source":"marketing-digest","attempt":0,"dryRun":false}
{"timestamp":"2025-11-19T12:30:05.030Z","status":"SUCCESS","recipient":"tejaswinikovuru19@gmail.com","contactId":1209,"batchId":"mkt-1763555400913-82825679-b1","jobIds":["19","16","17","1","2"],"source":"marketing-digest","attempt":0,"dryRun":false}
{"timestamp":"2025-11-19T12:30:05.066Z","status":"SUCCESS","recipient":"2022cse.r359@svce.edu.in","contactId":1210,"batchId":"mkt-1763555400913-82825679-b1","jobIds":["19","16","17","1","2"],"source":"marketing-digest","attempt":0,"dryRun":false}
{"timestamp":"2025-11-19T12:30:05.069Z","status":"SUCCESS","recipient":"2022it.r40@svce.edu.in","contactId":1014,"batchId":"mkt-1763555400913-82825679-b1","jobIds":["19","16","17","1","2"],"source":"marketing-digest","attempt":0,"dryRun":false}
{"timestamp":"2025-11-19T12:30:05.593Z","status":"SUCCESS","recipient":"siliyajsi@gmail.com","contactId":1020,"batchId":"mkt-1763555400913-82825679-b1","jobIds":["19","16","17","1","2"],"source":"marketing-digest","attempt":0,"dryRun":false}
{"timestamp":"2025-11-19T12:30:05.701Z","status":"SUCCESS","recipient":"kethinaramyasri@gmail.com","contactId":1016,"batchId":"mkt-1763555400913-82825679-b1","jobIds":["19","16","17","1","2"],"source":"marketing-digest","attempt":0,"dryRun":false}
{"timestamp":"2025-11-19T12:30:05.842Z","status":"SUCCESS","recipient":"adamtejaswini1432@gmail.com","contactId":1019,"batchId":"mkt-1763555400913-82825679-b1","jobIds":["19","16","17","1","2"],"source":"marketing-digest","attempt":0,"dryRun":false}
{"timestamp":"2025-11-19T12:30:05.886Z","status":"SUCCESS","recipient":"jhonny54575457@gmail.com","contactId":1017,"batchId":"mkt-1763555400913-82825679-b1","jobIds":["19","16","17","1","2"],"source":"marketing-digest","attempt":0,"dryRun":false}
{"timestamp":"2025-11-19T12:30:06.017Z","status":"SUCCESS","recipient":"talaritejaswini5@gmail.com","contactId":1018,"batchId":"mkt-1763555400913-82825679-b1","jobIds":["19","16","17","1","2"],"source":"marketing-digest","attempt":0,"dryRun":false}
{"timestamp":"2025-11-19T12:30:06.192Z","status":"SUCCESS","recipient":"v.krishna0005@gmail.com","contactId":1021,"batchId":"mkt-1763555400913-82825679-b1","jobIds":["19","16","17","1","2"],"source":"marketing-digest","attempt":0,"dryRun":false}
{"timestamp":"2025-11-19T12:30:06.800Z","status":"SUCCESS","recipient":"jaanujahnavi9392@gmail.com","contactId":1015,"batchId":"mkt-1763555400913-82825679-b1","jobIds":["19","16","17","1","2"],"source":"marketing-digest","attempt":0,"dryRun":false}
{"timestamp":"2025-11-19T12:30:06.971Z","status":"SUCCESS","recipient":"udaysreesabhavath@gmail.com","contactId":1022,"batchId":"mkt-1763555400913-82825679-b1","jobIds":["19","16","17","1","2"],"source":"marketing-digest","attempt":0,"dryRun":false}
{"timestamp":"2025-11-19T12:30:07.052Z","status":"SUCCESS","recipient":"ramyaharini99@gmail.com","contactId":1023,"batchId":"mkt-1763555400913-82825679-b1","jobIds":["19","16","17","1","2"],"source":"marketing-digest","attempt":0,"dryRun":false}
{"timestamp":"2025-11-19T12:30:07.489Z","status":"SUCCESS","recipient":"223h1a0562@klmcew.ac.in","contactId":1027,"batchId":"mkt-1763555400913-82825679-b1","jobIds":["19","16","17","1","2"],"source":"marketing-digest","attempt":0,"dryRun":false}
{"timestamp":"2025-11-19T12:30:07.559Z","status":"SUCCESS","recipient":"eswarivaditya@gmail.com","contactId":1028,"batchId":"mkt-1763555400913-82825679-b1","jobIds":["19","16","17","1","2"],"source":"marketing-digest","attempt":0,"dryRun":false}
{"timestamp":"2025-11-19T12:30:07.568Z","status":"SUCCESS","recipient":"saikiranyeduru@gmail.com","contactId":1026,"batchId":"mkt-1763555400913-82825679-b1","jobIds":["19","16","17","1","2"],"source":"marketing-digest","attempt":0,"dryRun":false}
{"timestamp":"2025-11-19T12:30:07.715Z","status":"SUCCESS","recipient":"ssravanitulasi@gmail.com","contactId":1025,"batchId":"mkt-1763555400913-82825679-b1","jobIds":["19","16","17","1","2"],"source":"marketing-digest","attempt":0,"dryRun":false}
{"timestamp":"2025-11-19T12:30:08.221Z","status":"SUCCESS","recipient":"vasanthavenkatasiva@gmail.com","contactId":1032,"batchId":"mkt-1763555400913-82825679-b1","jobIds":["19","16","17","1","2"],"source":"marketing-digest","attempt":0,"dryRun":false}
{"timestamp":"2025-11-19T12:30:08.434Z","status":"SUCCESS","recipient":"rachanaelavarapu59@gmail.com","contactId":1031,"batchId":"mkt-1763555400913-82825679-b1","jobIds":["19","16","17","1","2"],"source":"marketing-digest","attempt":0,"dryRun":false}
{"timestamp":"2025-11-19T12:30:08.478Z","status":"SUCCESS","recipient":"revathi.guggilla17@gmail.com","contactId":1030,"batchId":"mkt-1763555400913-82825679-b1","jobIds":["19","16","17","1","2"],"source":"marketing-digest","attempt":0,"dryRun":false}
{"timestamp":"2025-11-19T12:30:08.995Z","status":"SUCCESS","recipient":"mounimaha6304@gmail.com","contactId":1029,"batchId":"mkt-1763555400913-82825679-b1","jobIds":["19","16","17","1","2"],"source":"marketing-digest","attempt":0,"dryRun":false}
{"timestamp":"2025-11-19T12:30:09.350Z","status":"SUCCESS","recipient":"kesavasiva233@gmail.com","contactId":1033,"batchId":"mkt-1763555400913-82825679-b1","jobIds":["19","16","17","1","2"],"source":"marketing-digest","attempt":0,"dryRun":false}
{"timestamp":"2025-11-19T12:30:09.509Z","status":"SUCCESS","recipient":"23pa1a45c3@vishnu.edu.in","contactId":1036,"batchId":"mkt-1763555400913-82825679-b1","jobIds":["19","16","17","1","2"],"source":"marketing-digest","attempt":0,"dryRun":false}
{"timestamp":"2025-11-19T12:30:09.853Z","status":"SUCCESS","recipient":"228x1a0599@khitguntur.ac.in","contactId":1034,"batchId":"mkt-1763555400913-82825679-b1","jobIds":["19","16","17","1","2"],"source":"marketing-digest","attempt":0,"dryRun":false}
{"timestamp":"2025-11-19T12:30:10.254Z","status":"SUCCESS","recipient":"devkantsah43@gmail.com","contactId":1037,"batchId":"mkt-1763555400913-82825679-b1","jobIds":["19","16","17","1","2"],"source":"marketing-digest","attempt":0,"dryRun":false}
{"timestamp":"2025-11-19T12:30:10.366Z","status":"SUCCESS","recipient":"pochamreddyharshitha@gmail.com","contactId":1039,"batchId":"mkt-1763555400913-82825679-b1","jobIds":["19","16","17","1","2"],"source":"marketing-digest","attempt":0,"dryRun":false}
{"timestamp":"2025-11-19T12:30:11.331Z","status":"SUCCESS","recipient":"nikilgurram999@gmail.com","contactId":1040,"batchId":"mkt-1763555400913-82825679-b1","jobIds":["19","16","17","1","2"],"source":"marketing-digest","attempt":0,"dryRun":false}
{"timestamp":"2025-11-19T12:30:11.344Z","status":"SUCCESS","recipient":"charithagangarapu04@gmail.com","contactId":1041,"batchId":"mkt-1763555400913-82825679-b1","jobIds":["19","16","17","1","2"],"source":"marketing-digest","attempt":0,"dryRun":false}
{"timestamp":"2025-11-19T12:30:11.554Z","status":"SUCCESS","recipient":"sirishakankata02@gmail.com","contactId":1035,"batchId":"mkt-1763555400913-82825679-b1","jobIds":["19","16","17","1","2"],"source":"marketing-digest","attempt":0,"dryRun":false}
{"timestamp":"2025-11-19T12:30:12.043Z","status":"SUCCESS","recipient":"226w1a6121@ists.ac.in","contactId":1042,"batchId":"mkt-1763555400913-82825679-b1","jobIds":["19","16","17","1","2"],"source":"marketing-digest","attempt":0,"dryRun":false}
{"timestamp":"2025-11-19T12:30:12.138Z","status":"SUCCESS","recipient":"22am1a05a7@svrec.ac.in","contactId":1038,"batchId":"mkt-1763555400913-82825679-b1","jobIds":["19","16","17","1","2"],"source":"marketing-digest","attempt":0,"dryRun":false}
{"timestamp":"2025-11-19T12:30:12.473Z","status":"SUCCESS","recipient":"krupasaisci2035@gmail.com","contactId":1044,"batchId":"mkt-1763555400913-82825679-b1","jobIds":["19","16","17","1","2"],"source":"marketing-digest","attempt":0,"dryRun":false}
{"timestamp":"2025-11-19T12:30:12.545Z","status":"SUCCESS","recipient":"manojkumar20040817@gmail.com","contactId":1043,"batchId":"mkt-1763555400913-82825679-b1","jobIds":["19","16","17","1","2"],"source":"marketing-digest","attempt":0,"dryRun":false}
{"timestamp":"2025-11-19T12:30:12.673Z","status":"SUCCESS","recipient":"kurubaroopa70@gmail.com","contactId":1045,"batchId":"mkt-1763555400913-82825679-b1","jobIds":["19","16","17","1","2"],"source":"marketing-digest","attempt":0,"dryRun":false}
{"timestamp":"2025-11-19T12:30:13.115Z","status":"SUCCESS","recipient":"rajanandinimacha@gmail.com","contactId":1048,"batchId":"mkt-1763555400913-82825679-b1","jobIds":["19","16","17","1","2"],"source":"marketing-digest","attempt":0,"dryRun":false}
{"timestamp":"2025-11-19T12:30:13.199Z","status":"SUCCESS","recipient":"uttamramkanuru@gmail.com","contactId":1047,"batchId":"mkt-1763555400913-82825679-b1","jobIds":["19","16","17","1","2"],"source":"marketing-digest","attempt":0,"dryRun":false}
{"timestamp":"2025-11-19T12:30:13.472Z","status":"SUCCESS","recipient":"nandinidonipudi05@gmail.com","contactId":1046,"batchId":"mkt-1763555400913-82825679-b1","jobIds":["19","16","17","1","2"],"source":"marketing-digest","attempt":0,"dryRun":false}
{"timestamp":"2025-11-19T12:30:14.056Z","status":"SUCCESS","recipient":"akhileswarareddy999@gmail.com","contactId":1051,"batchId":"mkt-1763555400913-82825679-b1","jobIds":["19","16","17","1","2"],"source":"marketing-digest","attempt":0,"dryRun":false}
{"timestamp":"2025-11-19T12:30:14.149Z","status":"SUCCESS","recipient":"karetisrilakshmi505@gmail.com","contactId":1050,"batchId":"mkt-1763555400913-82825679-b1","jobIds":["19","16","17","1","2"],"source":"marketing-digest","attempt":0,"dryRun":false}
{"timestamp":"2025-11-19T12:30:14.221Z","status":"SUCCESS","recipient":"neeluists22@gmail.com","contactId":1049,"batchId":"mkt-1763555400913-82825679-b1","jobIds":["19","16","17","1","2"],"source":"marketing-digest","attempt":0,"dryRun":false}
{"timestamp":"2025-11-19T12:30:14.401Z","status":"SUCCESS","recipient":"22pa1a1263@vishnu.edu.in","contactId":1052,"batchId":"mkt-1763555400913-82825679-b1","jobIds":["19","16","17","1","2"],"source":"marketing-digest","attempt":0,"dryRun":false}
{"timestamp":"2025-11-19T12:30:14.735Z","status":"SUCCESS","recipient":"sesharatnampalivela2005@gmail.com","contactId":1054,"batchId":"mkt-1763555400913-82825679-b1","jobIds":["19","16","17","1","2"],"source":"marketing-digest","attempt":0,"dryRun":false}
{"timestamp":"2025-11-19T12:30:15.221Z","status":"SUCCESS","recipient":"prasanakshaya@gmail.com","contactId":1056,"batchId":"mkt-1763555400913-82825679-b1","jobIds":["19","16","17","1","2"],"source":"marketing-digest","attempt":0,"dryRun":false}
{"timestamp":"2025-11-19T12:30:15.254Z","status":"SUCCESS","recipient":"22am1a0459@svrec.ac.in","contactId":1053,"batchId":"mkt-1763555400913-82825679-b1","jobIds":["19","16","17","1","2"],"source":"marketing-digest","attempt":0,"dryRun":false}
{"timestamp":"2025-11-19T12:30:15.718Z","status":"SUCCESS","recipient":"hackersidhux@gmail.com","contactId":1055,"batchId":"mkt-1763555400913-82825679-b1","jobIds":["19","16","17","1","2"],"source":"marketing-digest","attempt":0,"dryRun":false}
{"timestamp":"2025-11-19T12:30:15.810Z","status":"SUCCESS","recipient":"234g1a0569@srit.ac.in","contactId":1058,"batchId":"mkt-1763555400913-82825679-b1","jobIds":["19","16","17","1","2"],"source":"marketing-digest","attempt":0,"dryRun":false}
{"timestamp":"2025-11-19T12:30:16.211Z","status":"SUCCESS","recipient":"adarshmahapatro466@gmail.com","contactId":1057,"batchId":"mkt-1763555400913-82825679-b1","jobIds":["19","16","17","1","2"],"source":"marketing-digest","attempt":0,"dryRun":false}
{"timestamp":"2025-11-19T12:30:16.770Z","status":"SUCCESS","recipient":"rupeshrupesh0507@gmail.com","contactId":1059,"batchId":"mkt-1763555400913-82825679-b1","jobIds":["19","16","17","1","2"],"source":"marketing-digest","attempt":0,"dryRun":false}
